<?xml version="1.0" encoding="UTF-8"?>
<testsuite name="org.siba.serveruser.ServerUserApplicationTests" tests="1" skipped="0" failures="0" errors="0" timestamp="2020-09-07T12:36:05" hostname="LAPTOP-2HPN1K40" time="0.618">
  <properties/>
  <testcase name="contextLoads()" classname="org.siba.serveruser.ServerUserApplicationTests" time="0.618"/>
  <system-out><![CDATA[21:36:01.551 [Test worker] DEBUG org.springframework.test.context.BootstrapUtils - Instantiating CacheAwareContextLoaderDelegate from class [org.springframework.test.context.cache.DefaultCacheAwareContextLoaderDelegate]
21:36:01.575 [Test worker] DEBUG org.springframework.test.context.BootstrapUtils - Instantiating BootstrapContext using constructor [public org.springframework.test.context.support.DefaultBootstrapContext(java.lang.Class,org.springframework.test.context.CacheAwareContextLoaderDelegate)]
21:36:01.625 [Test worker] DEBUG org.springframework.test.context.BootstrapUtils - Instantiating TestContextBootstrapper for test class [org.siba.serveruser.ServerUserApplicationTests] from class [org.springframework.boot.test.context.SpringBootTestContextBootstrapper]
21:36:01.655 [Test worker] INFO org.springframework.boot.test.context.SpringBootTestContextBootstrapper - Neither @ContextConfiguration nor @ContextHierarchy found for test class [org.siba.serveruser.ServerUserApplicationTests], using SpringBootContextLoader
21:36:01.662 [Test worker] DEBUG org.springframework.test.context.support.AbstractContextLoader - Did not detect default resource location for test class [org.siba.serveruser.ServerUserApplicationTests]: class path resource [org/siba/serveruser/ServerUserApplicationTests-context.xml] does not exist
21:36:01.663 [Test worker] DEBUG org.springframework.test.context.support.AbstractContextLoader - Did not detect default resource location for test class [org.siba.serveruser.ServerUserApplicationTests]: class path resource [org/siba/serveruser/ServerUserApplicationTestsContext.groovy] does not exist
21:36:01.663 [Test worker] INFO org.springframework.test.context.support.AbstractContextLoader - Could not detect default resource locations for test class [org.siba.serveruser.ServerUserApplicationTests]: no resource found for suffixes {-context.xml, Context.groovy}.
21:36:01.665 [Test worker] INFO org.springframework.test.context.support.AnnotationConfigContextLoaderUtils - Could not detect default configuration classes for test class [org.siba.serveruser.ServerUserApplicationTests]: ServerUserApplicationTests does not declare any static, non-private, non-final, nested classes annotated with @Configuration.
21:36:01.735 [Test worker] DEBUG org.springframework.test.context.support.ActiveProfilesUtils - Could not find an 'annotation declaring class' for annotation type [org.springframework.test.context.ActiveProfiles] and class [org.siba.serveruser.ServerUserApplicationTests]
21:36:01.864 [Test worker] DEBUG org.springframework.context.annotation.ClassPathScanningCandidateComponentProvider - Identified candidate component class: file [C:\Users\GYO JUN AN\Desktop\siba-server-user\build\classes\java\main\org\siba\serveruser\ServerUserApplication.class]
21:36:01.866 [Test worker] INFO org.springframework.boot.test.context.SpringBootTestContextBootstrapper - Found @SpringBootConfiguration org.siba.serveruser.ServerUserApplication for test class org.siba.serveruser.ServerUserApplicationTests
21:36:02.074 [Test worker] DEBUG org.springframework.boot.test.context.SpringBootTestContextBootstrapper - @TestExecutionListeners is not present for class [org.siba.serveruser.ServerUserApplicationTests]: using defaults.
21:36:02.076 [Test worker] INFO org.springframework.boot.test.context.SpringBootTestContextBootstrapper - Loaded default TestExecutionListener class names from location [META-INF/spring.factories]: [org.springframework.boot.test.autoconfigure.restdocs.RestDocsTestExecutionListener, org.springframework.boot.test.autoconfigure.web.client.MockRestServiceServerResetTestExecutionListener, org.springframework.boot.test.autoconfigure.web.servlet.MockMvcPrintOnlyOnFailureTestExecutionListener, org.springframework.boot.test.autoconfigure.web.servlet.WebDriverTestExecutionListener, org.springframework.boot.test.autoconfigure.webservices.client.MockWebServiceServerTestExecutionListener, org.springframework.boot.test.mock.mockito.MockitoTestExecutionListener, org.springframework.boot.test.mock.mockito.ResetMocksTestExecutionListener, org.springframework.test.context.web.ServletTestExecutionListener, org.springframework.test.context.support.DirtiesContextBeforeModesTestExecutionListener, org.springframework.test.context.support.DependencyInjectionTestExecutionListener, org.springframework.test.context.support.DirtiesContextTestExecutionListener, org.springframework.test.context.transaction.TransactionalTestExecutionListener, org.springframework.test.context.jdbc.SqlScriptsTestExecutionListener, org.springframework.test.context.event.EventPublishingTestExecutionListener]
21:36:02.096 [Test worker] DEBUG org.springframework.boot.test.context.SpringBootTestContextBootstrapper - Skipping candidate TestExecutionListener [org.springframework.test.context.transaction.TransactionalTestExecutionListener] due to a missing dependency. Specify custom listener classes or make the default listener classes and their required dependencies available. Offending class: [org/springframework/transaction/interceptor/TransactionAttributeSource]
21:36:02.097 [Test worker] DEBUG org.springframework.boot.test.context.SpringBootTestContextBootstrapper - Skipping candidate TestExecutionListener [org.springframework.test.context.jdbc.SqlScriptsTestExecutionListener] due to a missing dependency. Specify custom listener classes or make the default listener classes and their required dependencies available. Offending class: [org/springframework/transaction/interceptor/TransactionAttribute]
21:36:02.097 [Test worker] INFO org.springframework.boot.test.context.SpringBootTestContextBootstrapper - Using TestExecutionListeners: [org.springframework.test.context.web.ServletTestExecutionListener@377062b9, org.springframework.test.context.support.DirtiesContextBeforeModesTestExecutionListener@396c5490, org.springframework.boot.test.mock.mockito.MockitoTestExecutionListener@6671d77e, org.springframework.boot.test.autoconfigure.SpringBootDependencyInjectionTestExecutionListener@14a158b7, org.springframework.test.context.support.DirtiesContextTestExecutionListener@20f08530, org.springframework.test.context.event.EventPublishingTestExecutionListener@7be38d6a, org.springframework.boot.test.autoconfigure.restdocs.RestDocsTestExecutionListener@13c16f4f, org.springframework.boot.test.autoconfigure.web.client.MockRestServiceServerResetTestExecutionListener@d3bf960, org.springframework.boot.test.autoconfigure.web.servlet.MockMvcPrintOnlyOnFailureTestExecutionListener@29c624f2, org.springframework.boot.test.autoconfigure.web.servlet.WebDriverTestExecutionListener@4e29747d, org.springframework.boot.test.autoconfigure.webservices.client.MockWebServiceServerTestExecutionListener@560ad1e0, org.springframework.boot.test.mock.mockito.ResetMocksTestExecutionListener@428c2b8]
21:36:02.107 [Test worker] DEBUG org.springframework.test.context.support.AbstractDirtiesContextTestExecutionListener - Before test class: context [DefaultTestContext@4710fe89 testClass = ServerUserApplicationTests, testInstance = [null], testMethod = [null], testException = [null], mergedContextConfiguration = [WebMergedContextConfiguration@52d931d testClass = ServerUserApplicationTests, locations = '{}', classes = '{class org.siba.serveruser.ServerUserApplication}', contextInitializerClasses = '[]', activeProfiles = '{}', propertySourceLocations = '{}', propertySourceProperties = '{org.springframework.boot.test.context.SpringBootTestContextBootstrapper=true}', contextCustomizers = set[org.springframework.boot.test.autoconfigure.properties.PropertyMappingContextCustomizer@0, org.springframework.boot.test.autoconfigure.web.servlet.WebDriverContextCustomizerFactory$Customizer@cb1d6d4, org.springframework.boot.test.context.filter.ExcludeFilterContextCustomizer@4b05d108, org.springframework.boot.test.json.DuplicateJsonObjectContextCustomizerFactory$DuplicateJsonObjectContextCustomizer@3109bd8, org.springframework.boot.test.mock.mockito.MockitoContextCustomizer@0, org.springframework.boot.test.web.client.TestRestTemplateContextCustomizer@4b666a0, org.springframework.boot.test.context.SpringBootTestArgs@1], resourceBasePath = 'src/main/webapp', contextLoader = 'org.springframework.boot.test.context.SpringBootContextLoader', parent = [null]], attributes = map['org.springframework.test.context.web.ServletTestExecutionListener.activateListener' -> true]], class annotated with @DirtiesContext [false] with mode [null].
21:36:02.165 [Test worker] DEBUG org.springframework.test.context.support.TestPropertySourceUtils - Adding inlined properties to environment: {spring.jmx.enabled=false, org.springframework.boot.test.context.SpringBootTestContextBootstrapper=true}

  .   ____          _            __ _ _
 /\\ / ___'_ __ _ _(_)_ __  __ _ \ \ \ \
( ( )\___ | '_ | '_| | '_ \/ _` | \ \ \ \
 \\/  ___)| |_)| | | | | || (_| |  ) ) ) )
  '  |____| .__|_| |_|_| |_\__, | / / / /
 =========|_|==============|___/=/_/_/_/
 :: Spring Boot ::        (v2.3.3.RELEASE)

2020-09-07 21:36:02.647  INFO 12900 --- [    Test worker] o.s.s.ServerUserApplicationTests         : Starting ServerUserApplicationTests on LAPTOP-2HPN1K40 with PID 12900 (started by GYO JUN AN in C:\Users\GYO JUN AN\Desktop\siba-server-user)
2020-09-07 21:36:02.650  INFO 12900 --- [    Test worker] o.s.s.ServerUserApplicationTests         : No active profile set, falling back to default profiles: default
2020-09-07 21:36:05.094  INFO 12900 --- [    Test worker] o.s.s.concurrent.ThreadPoolTaskExecutor  : Initializing ExecutorService 'applicationTaskExecutor'
2020-09-07 21:36:05.699  INFO 12900 --- [    Test worker] o.s.s.ServerUserApplicationTests         : Started ServerUserApplicationTests in 3.514 seconds (JVM running for 6.151)
]]></system-out>
  <system-err><![CDATA[]]></system-err>
</testsuite>
