<?xml version="1.0" encoding="UTF-8"?>
<testsuite name="org.siba.serveruser.ServerUserApplicationTests" tests="1" skipped="0" failures="0" errors="0" timestamp="2020-09-07T04:39:10" hostname="LAPTOP-QBCRNIDS" time="1.926">
  <properties/>
  <testcase name="contextLoads()" classname="org.siba.serveruser.ServerUserApplicationTests" time="1.926"/>
  <system-out><![CDATA[13:38:42.133 [Test worker] DEBUG org.springframework.test.context.BootstrapUtils - Instantiating CacheAwareContextLoaderDelegate from class [org.springframework.test.context.cache.DefaultCacheAwareContextLoaderDelegate]
13:38:42.252 [Test worker] DEBUG org.springframework.test.context.BootstrapUtils - Instantiating BootstrapContext using constructor [public org.springframework.test.context.support.DefaultBootstrapContext(java.lang.Class,org.springframework.test.context.CacheAwareContextLoaderDelegate)]
13:38:42.532 [Test worker] DEBUG org.springframework.test.context.BootstrapUtils - Instantiating TestContextBootstrapper for test class [org.siba.serveruser.ServerUserApplicationTests] from class [org.springframework.boot.test.context.SpringBootTestContextBootstrapper]
13:38:42.664 [Test worker] INFO org.springframework.boot.test.context.SpringBootTestContextBootstrapper - Neither @ContextConfiguration nor @ContextHierarchy found for test class [org.siba.serveruser.ServerUserApplicationTests], using SpringBootContextLoader
13:38:42.704 [Test worker] DEBUG org.springframework.test.context.support.AbstractContextLoader - Did not detect default resource location for test class [org.siba.serveruser.ServerUserApplicationTests]: class path resource [org/siba/serveruser/ServerUserApplicationTests-context.xml] does not exist
13:38:42.713 [Test worker] DEBUG org.springframework.test.context.support.AbstractContextLoader - Did not detect default resource location for test class [org.siba.serveruser.ServerUserApplicationTests]: class path resource [org/siba/serveruser/ServerUserApplicationTestsContext.groovy] does not exist
13:38:42.714 [Test worker] INFO org.springframework.test.context.support.AbstractContextLoader - Could not detect default resource locations for test class [org.siba.serveruser.ServerUserApplicationTests]: no resource found for suffixes {-context.xml, Context.groovy}.
13:38:42.718 [Test worker] INFO org.springframework.test.context.support.AnnotationConfigContextLoaderUtils - Could not detect default configuration classes for test class [org.siba.serveruser.ServerUserApplicationTests]: ServerUserApplicationTests does not declare any static, non-private, non-final, nested classes annotated with @Configuration.
13:38:42.970 [Test worker] DEBUG org.springframework.test.context.support.ActiveProfilesUtils - Could not find an 'annotation declaring class' for annotation type [org.springframework.test.context.ActiveProfiles] and class [org.siba.serveruser.ServerUserApplicationTests]
13:38:43.503 [Test worker] DEBUG org.springframework.context.annotation.ClassPathScanningCandidateComponentProvider - Identified candidate component class: file [C:\Users\ejsvk\Dropbox\Projects\SIBA-Project\siba-server-user\build\classes\java\main\org\siba\serveruser\ServerUserApplication.class]
13:38:43.511 [Test worker] INFO org.springframework.boot.test.context.SpringBootTestContextBootstrapper - Found @SpringBootConfiguration org.siba.serveruser.ServerUserApplication for test class org.siba.serveruser.ServerUserApplicationTests
13:38:44.277 [Test worker] DEBUG org.springframework.boot.test.context.SpringBootTestContextBootstrapper - @TestExecutionListeners is not present for class [org.siba.serveruser.ServerUserApplicationTests]: using defaults.
13:38:44.279 [Test worker] INFO org.springframework.boot.test.context.SpringBootTestContextBootstrapper - Loaded default TestExecutionListener class names from location [META-INF/spring.factories]: [org.springframework.boot.test.autoconfigure.restdocs.RestDocsTestExecutionListener, org.springframework.boot.test.autoconfigure.web.client.MockRestServiceServerResetTestExecutionListener, org.springframework.boot.test.autoconfigure.web.servlet.MockMvcPrintOnlyOnFailureTestExecutionListener, org.springframework.boot.test.autoconfigure.web.servlet.WebDriverTestExecutionListener, org.springframework.boot.test.autoconfigure.webservices.client.MockWebServiceServerTestExecutionListener, org.springframework.boot.test.mock.mockito.MockitoTestExecutionListener, org.springframework.boot.test.mock.mockito.ResetMocksTestExecutionListener, org.springframework.test.context.web.ServletTestExecutionListener, org.springframework.test.context.support.DirtiesContextBeforeModesTestExecutionListener, org.springframework.test.context.support.DependencyInjectionTestExecutionListener, org.springframework.test.context.support.DirtiesContextTestExecutionListener, org.springframework.test.context.transaction.TransactionalTestExecutionListener, org.springframework.test.context.jdbc.SqlScriptsTestExecutionListener, org.springframework.test.context.event.EventPublishingTestExecutionListener]
13:38:44.379 [Test worker] INFO org.springframework.boot.test.context.SpringBootTestContextBootstrapper - Using TestExecutionListeners: [org.springframework.test.context.web.ServletTestExecutionListener@3daf2edf, org.springframework.test.context.support.DirtiesContextBeforeModesTestExecutionListener@54ecda1f, org.springframework.boot.test.mock.mockito.MockitoTestExecutionListener@dcc474a, org.springframework.boot.test.autoconfigure.SpringBootDependencyInjectionTestExecutionListener@4070e2b1, org.springframework.test.context.support.DirtiesContextTestExecutionListener@4edf5b6, org.springframework.test.context.transaction.TransactionalTestExecutionListener@3663fb16, org.springframework.test.context.jdbc.SqlScriptsTestExecutionListener@597a1c87, org.springframework.test.context.event.EventPublishingTestExecutionListener@1e580873, org.springframework.boot.test.autoconfigure.restdocs.RestDocsTestExecutionListener@75f31e4b, org.springframework.boot.test.autoconfigure.web.client.MockRestServiceServerResetTestExecutionListener@5c61e0a8, org.springframework.boot.test.autoconfigure.web.servlet.MockMvcPrintOnlyOnFailureTestExecutionListener@55f65187, org.springframework.boot.test.autoconfigure.web.servlet.WebDriverTestExecutionListener@bb3d0da, org.springframework.boot.test.autoconfigure.webservices.client.MockWebServiceServerTestExecutionListener@665f96a1, org.springframework.boot.test.mock.mockito.ResetMocksTestExecutionListener@35684e62]
13:38:44.402 [Test worker] DEBUG org.springframework.test.context.support.AbstractDirtiesContextTestExecutionListener - Before test class: context [DefaultTestContext@52082a5 testClass = ServerUserApplicationTests, testInstance = [null], testMethod = [null], testException = [null], mergedContextConfiguration = [WebMergedContextConfiguration@7bf30492 testClass = ServerUserApplicationTests, locations = '{}', classes = '{class org.siba.serveruser.ServerUserApplication}', contextInitializerClasses = '[]', activeProfiles = '{}', propertySourceLocations = '{}', propertySourceProperties = '{org.springframework.boot.test.context.SpringBootTestContextBootstrapper=true}', contextCustomizers = set[org.springframework.boot.test.autoconfigure.properties.PropertyMappingContextCustomizer@0, org.springframework.boot.test.autoconfigure.web.servlet.WebDriverContextCustomizerFactory$Customizer@3cfe63c5, org.springframework.boot.test.context.filter.ExcludeFilterContextCustomizer@69be4e0d, org.springframework.boot.test.json.DuplicateJsonObjectContextCustomizerFactory$DuplicateJsonObjectContextCustomizer@791a34c5, org.springframework.boot.test.mock.mockito.MockitoContextCustomizer@0, org.springframework.boot.test.web.client.TestRestTemplateContextCustomizer@4959f754, org.springframework.boot.test.context.SpringBootTestArgs@1], resourceBasePath = 'src/main/webapp', contextLoader = 'org.springframework.boot.test.context.SpringBootContextLoader', parent = [null]], attributes = map['org.springframework.test.context.web.ServletTestExecutionListener.activateListener' -> true]], class annotated with @DirtiesContext [false] with mode [null].
13:38:44.578 [Test worker] DEBUG org.springframework.test.context.support.TestPropertySourceUtils - Adding inlined properties to environment: {spring.jmx.enabled=false, org.springframework.boot.test.context.SpringBootTestContextBootstrapper=true}

  .   ____          _            __ _ _
 /\\ / ___'_ __ _ _(_)_ __  __ _ \ \ \ \
( ( )\___ | '_ | '_| | '_ \/ _` | \ \ \ \
 \\/  ___)| |_)| | | | | || (_| |  ) ) ) )
  '  |____| .__|_| |_|_| |_\__, | / / / /
 =========|_|==============|___/=/_/_/_/
 :: Spring Boot ::        (v2.3.3.RELEASE)

2020-09-07 13:38:46.955  INFO 8736 --- [    Test worker] o.s.s.ServerUserApplicationTests         : Starting ServerUserApplicationTests on LAPTOP-QBCRNIDS with PID 8736 (started by ejsvk in C:\Users\ejsvk\Dropbox\Projects\SIBA-Project\siba-server-user)
2020-09-07 13:38:46.968  INFO 8736 --- [    Test worker] o.s.s.ServerUserApplicationTests         : The following profiles are active: dev
2020-09-07 13:38:52.713  INFO 8736 --- [    Test worker] .s.d.r.c.RepositoryConfigurationDelegate : Bootstrapping Spring Data JPA repositories in DEFERRED mode.
2020-09-07 13:38:52.859  INFO 8736 --- [    Test worker] .s.d.r.c.RepositoryConfigurationDelegate : Finished Spring Data repository scanning in 88ms. Found 0 JPA repository interfaces.
2020-09-07 13:38:56.975  INFO 8736 --- [    Test worker] o.s.s.concurrent.ThreadPoolTaskExecutor  : Initializing ExecutorService 'applicationTaskExecutor'
2020-09-07 13:38:57.069  INFO 8736 --- [    Test worker] com.zaxxer.hikari.HikariDataSource       : HikariPool-1 - Starting...
2020-09-07 13:38:58.607  INFO 8736 --- [    Test worker] com.zaxxer.hikari.HikariDataSource       : HikariPool-1 - Start completed.
2020-09-07 13:38:59.559  INFO 8736 --- [         task-1] o.hibernate.jpa.internal.util.LogHelper  : HHH000204: Processing PersistenceUnitInfo [name: default]
2020-09-07 13:39:00.236  INFO 8736 --- [         task-1] org.hibernate.Version                    : HHH000412: Hibernate ORM core version 5.4.20.Final
2020-09-07 13:39:02.227  INFO 8736 --- [         task-1] o.hibernate.annotations.common.Version   : HCANN000001: Hibernate Commons Annotations {5.1.0.Final}
2020-09-07 13:39:03.394  WARN 8736 --- [    Test worker] JpaBaseConfiguration$JpaWebConfiguration : spring.jpa.open-in-view is enabled by default. Therefore, database queries may be performed during view rendering. Explicitly configure spring.jpa.open-in-view to disable this warning
2020-09-07 13:39:04.112  INFO 8736 --- [         task-1] org.hibernate.dialect.Dialect            : HHH000400: Using dialect: org.hibernate.dialect.H2Dialect
2020-09-07 13:39:06.276  INFO 8736 --- [         task-1] o.h.e.t.j.p.i.JtaPlatformInitiator       : HHH000490: Using JtaPlatform implementation: [org.hibernate.engine.transaction.jta.platform.internal.NoJtaPlatform]
2020-09-07 13:39:06.374  INFO 8736 --- [         task-1] j.LocalContainerEntityManagerFactoryBean : Initialized JPA EntityManagerFactory for persistence unit 'default'
2020-09-07 13:39:06.848  INFO 8736 --- [    Test worker] o.s.b.a.h2.H2ConsoleAutoConfiguration    : H2 console available at '/h2-siba-console'. Database available at 'jdbc:h2:mem:ecf7481b-1b98-4d80-8b35-e3679e82986a'
2020-09-07 13:39:09.930  INFO 8736 --- [    Test worker] DeferredRepositoryInitializationListener : Triggering deferred initialization of Spring Data repositories…
2020-09-07 13:39:09.932  INFO 8736 --- [    Test worker] DeferredRepositoryInitializationListener : Spring Data repositories initialized!
2020-09-07 13:39:09.982  INFO 8736 --- [    Test worker] o.s.s.ServerUserApplicationTests         : Started ServerUserApplicationTests in 25.333 seconds (JVM running for 37.739)
]]></system-out>
  <system-err><![CDATA[]]></system-err>
</testsuite>
